[INFO] 14:16:23:793 Kernel/(6091:6091): CONECTANDO A LA MEMORIA
[INFO] 14:16:23:794 Kernel/(6091:6091): DESCRIBE ALL

[INFO] 14:16:28:797 Kernel/(6091:6099): CONECTANDO A LA MEMORIA
[INFO] 14:16:28:797 Kernel/(6091:6099): DESCRIBE ALL

[INFO] 14:16:28:798 Kernel/(6091:6099): SELECT  TABLA0  0
[INFO] 14:16:28:798 Kernel/(6091:6099): SELECT ENVIADO
[INFO] 14:16:28:837 Kernel/(6091:6099): Value recibido: cero

[INFO] 14:23:44:458 Kernel/(6271:6271): CONECTANDO A LA MEMORIA
[INFO] 14:23:44:458 Kernel/(6271:6271): DESCRIBE ALL

[INFO] 14:24:16:562 Kernel/(6281:6281): CONECTANDO A LA MEMORIA
[INFO] 14:24:16:562 Kernel/(6281:6281): DESCRIBE ALL

[INFO] 14:24:29:58 Kernel/(6286:6286): CONECTANDO A LA MEMORIA
[INFO] 14:24:29:58 Kernel/(6286:6286): DESCRIBE ALL

[INFO] 14:24:36:741 Kernel/(6286:6291): CONECTANDO A LA MEMORIA
[INFO] 14:24:36:741 Kernel/(6286:6291): DESCRIBE ALL

[INFO] 14:24:36:744 Kernel/(6286:6291): CREATE TABLA1 SC 4 4000
[INFO] 14:24:36:744 Kernel/(6286:6291): CREATE ENVIADO

[INFO] 14:24:36:745 Kernel/(6286:6291): DESCRIBE TABLA1 

[INFO] 14:26:12:210 Kernel/(6299:6299): CONECTANDO A LA MEMORIA
[INFO] 14:26:12:210 Kernel/(6299:6299): DESCRIBE ALL

[INFO] 14:26:21:629 Kernel/(6299:6302): CONECTANDO A LA MEMORIA
[INFO] 14:26:21:629 Kernel/(6299:6302): DESCRIBE ALL

[INFO] 14:26:21:631 Kernel/(6299:6302): CREATE TABLA0 EC 12 57587
[INFO] 14:26:21:631 Kernel/(6299:6302): CREATE ENVIADO

[INFO] 14:26:21:631 Kernel/(6299:6302): DESCRIBE TABLA0 

[INFO] 14:26:40:685 Kernel/(6299:6310): CONECTANDO A LA MEMORIA
[INFO] 14:26:40:685 Kernel/(6299:6310): DESCRIBE ALL

[INFO] 14:26:40:686 Kernel/(6299:6310): CREATE TABLA0 EC 12 57587
[INFO] 14:26:40:686 Kernel/(6299:6310): CREATE ENVIADO

[INFO] 14:26:40:686 Kernel/(6299:6310): DESCRIBE TABLA0 

[INFO] 14:31:18:509 Kernel/(6355:6355): CONECTANDO A LA MEMORIA
[INFO] 14:31:18:510 Kernel/(6355:6355): DESCRIBE ALL

[INFO] 14:32:22:258 Kernel/(6370:6370): CONECTANDO A LA MEMORIA
[INFO] 14:32:22:258 Kernel/(6370:6370): DESCRIBE ALL

[INFO] 14:37:58:450 Kernel/(6477:6477): CONECTANDO A LA MEMORIA
[INFO] 14:37:58:450 Kernel/(6477:6477): DESCRIBE ALL

[INFO] 14:38:29:423 Kernel/(6488:6488): CONECTANDO A LA MEMORIA
[INFO] 14:38:29:477 Kernel/(6488:6488): DESCRIBE ALL

[INFO] 14:39:47:731 Kernel/(6557:6557): CONECTANDO A LA MEMORIA
[INFO] 14:39:47:731 Kernel/(6557:6557): DESCRIBE ALL

[INFO] 14:39:55:5 Kernel/(6557:6560): CONECTANDO A LA MEMORIA
[INFO] 14:39:55:7 Kernel/(6557:6560): DESCRIBE ALL

[INFO] 14:39:55:8 Kernel/(6557:6560): CREATE TABLA0 SC 1 1
[INFO] 14:39:55:8 Kernel/(6557:6560): CREATE ENVIADO

[INFO] 14:39:55:8 Kernel/(6557:6560): DESCRIBE TABLA0 

[INFO] 14:40:11:504 Kernel/(6557:6561): CONECTANDO A LA MEMORIA
[INFO] 14:40:11:504 Kernel/(6557:6561): DESCRIBE ALL

[INFO] 14:40:11:505 Kernel/(6557:6561): SELECT  TABLA0  0
[INFO] 14:40:11:505 Kernel/(6557:6561): SELECT ENVIADO
[INFO] 14:40:11:545 Kernel/(6557:6561): Value recibido: cero

[INFO] 14:41:13:403 Kernel/(6622:6622): CONECTANDO A LA MEMORIA
[INFO] 14:41:13:403 Kernel/(6622:6622): DESCRIBE ALL

[INFO] 14:41:17:945 Kernel/(6622:6625): CONECTANDO A LA MEMORIA
[INFO] 14:41:17:945 Kernel/(6622:6625): DESCRIBE ALL

[INFO] 14:41:17:946 Kernel/(6622:6625): CREATE TABLA0 SC 1 1
[INFO] 14:41:17:946 Kernel/(6622:6625): CREATE ENVIADO

[INFO] 14:41:17:946 Kernel/(6622:6625): DESCRIBE TABLA0 

[INFO] 14:43:33:235 Kernel/(6711:6711): CONECTANDO A LA MEMORIA
[INFO] 14:43:33:235 Kernel/(6711:6711): DESCRIBE ALL

[INFO] 14:43:37:489 Kernel/(6711:6716): CONECTANDO A LA MEMORIA
[INFO] 14:43:37:489 Kernel/(6711:6716): DESCRIBE ALL

[INFO] 14:43:37:490 Kernel/(6711:6716): CREATE TABLA0 SC 1 1
[INFO] 14:43:37:490 Kernel/(6711:6716): CREATE ENVIADO

[INFO] 14:43:37:490 Kernel/(6711:6716): DESCRIBE TABLA0 

[INFO] 14:44:34:179 Kernel/(6784:6784): CONECTANDO A LA MEMORIA
[INFO] 14:44:34:179 Kernel/(6784:6784): DESCRIBE ALL

[INFO] 14:44:51:526 Kernel/(6784:6787): CONECTANDO A LA MEMORIA
[INFO] 14:44:51:526 Kernel/(6784:6787): DESCRIBE ALL

[INFO] 14:44:51:527 Kernel/(6784:6787): CREATE TABLA0 SC 1 1
[INFO] 14:44:51:527 Kernel/(6784:6787): CREATE ENVIADO

[INFO] 14:44:51:527 Kernel/(6784:6787): DESCRIBE TABLA0 

[INFO] 14:44:54:445 Kernel/(6784:6788): CONECTANDO A LA MEMORIA
[INFO] 14:44:54:445 Kernel/(6784:6788): DESCRIBE ALL

[INFO] 14:44:54:447 Kernel/(6784:6788): CREATE TABLA0 SC 1 1
[INFO] 14:44:54:447 Kernel/(6784:6788): CREATE ENVIADO

[INFO] 14:44:54:447 Kernel/(6784:6788): DESCRIBE TABLA0 

[INFO] 14:46:00:203 Kernel/(6872:6872): CONECTANDO A LA MEMORIA
[INFO] 14:46:00:203 Kernel/(6872:6872): DESCRIBE ALL

[INFO] 14:46:08:859 Kernel/(6928:6928): CONECTANDO A LA MEMORIA
[INFO] 14:46:08:859 Kernel/(6928:6928): DESCRIBE ALL

[INFO] 14:46:28:571 Kernel/(6943:6943): CONECTANDO A LA MEMORIA
[INFO] 14:46:28:571 Kernel/(6943:6943): DESCRIBE ALL

[INFO] 14:47:40:27 Kernel/(6953:6953): CONECTANDO A LA MEMORIA
[INFO] 14:47:40:28 Kernel/(6953:6953): DESCRIBE ALL

[INFO] 14:48:01:699 Kernel/(7020:7020): CONECTANDO A LA MEMORIA
[INFO] 14:48:01:699 Kernel/(7020:7020): DESCRIBE ALL

[INFO] 14:49:55:635 Kernel/(7104:7104): CONECTANDO A LA MEMORIA
[INFO] 14:49:55:635 Kernel/(7104:7104): DESCRIBE ALL

[INFO] 14:50:33:824 Kernel/(7104:7107): CONECTANDO A LA MEMORIA
[INFO] 14:50:33:825 Kernel/(7104:7107): DESCRIBE ALL

[INFO] 14:50:33:825 Kernel/(7104:7107): CREATE TABLA0 SC 1 1
[INFO] 14:54:35:931 Kernel/(7220:7220): CONECTANDO A LA MEMORIA
[INFO] 14:54:44:379 Kernel/(7274:7274): CONECTANDO A LA MEMORIA
[INFO] 14:54:56:659 Kernel/(7278:7278): CONECTANDO A LA MEMORIA
[INFO] 14:54:56:659 Kernel/(7278:7278): DESCRIBE ALL

[INFO] 14:55:00:921 Kernel/(7278:7281): CONECTANDO A LA MEMORIA
[INFO] 14:55:00:922 Kernel/(7278:7281): DESCRIBE ALL

[INFO] 14:55:00:923 Kernel/(7278:7281): CREATE TABLA0 SC 1 1
[INFO] 14:55:00:923 Kernel/(7278:7281): CREATE ENVIADO

[INFO] 14:55:00:923 Kernel/(7278:7281): DESCRIBE TABLA0 

[INFO] 14:55:37:283 Kernel/(7347:7347): CONECTANDO A LA MEMORIA
[INFO] 14:55:37:283 Kernel/(7347:7347): DESCRIBE ALL

[INFO] 14:55:42:505 Kernel/(7347:7350): CONECTANDO A LA MEMORIA
[INFO] 14:55:42:505 Kernel/(7347:7350): DESCRIBE ALL

[INFO] 14:55:42:506 Kernel/(7347:7350): CREATE TABLA0 SC 1 1
[INFO] 14:55:42:506 Kernel/(7347:7350): CREATE ENVIADO

[INFO] 14:55:42:506 Kernel/(7347:7350): DESCRIBE TABLA0 

[INFO] 14:57:17:915 Kernel/(7427:7427): CONECTANDO A LA MEMORIA
[INFO] 14:57:17:915 Kernel/(7427:7427): DESCRIBE ALL

[INFO] 14:57:58:985 Kernel/(7427:7432): CONECTANDO A LA MEMORIA
[INFO] 14:57:58:985 Kernel/(7427:7432): DESCRIBE ALL

[INFO] 14:57:58:986 Kernel/(7427:7432): CREATE TABLA12 SC 1 1
[INFO] 14:57:58:986 Kernel/(7427:7432): CREATE ENVIADO

[INFO] 14:57:58:986 Kernel/(7427:7432): DESCRIBE TABLA12 

[INFO] 14:59:25:760 Kernel/(7427:7444): CONECTANDO A LA MEMORIA
[INFO] 14:59:25:761 Kernel/(7427:7444): DESCRIBE ALL

[INFO] 14:59:25:761 Kernel/(7427:7444): CREATE POSTRES SC 3 60000
[INFO] 14:59:25:761 Kernel/(7427:7444): CREATE ENVIADO

[INFO] 14:59:25:761 Kernel/(7427:7444): DESCRIBE POSTRES 

[INFO] 14:59:25:841 Kernel/(7427:7444): CONECTANDO A LA MEMORIA
[INFO] 14:59:25:841 Kernel/(7427:7444): DESCRIBE ALL

[INFO] 14:59:25:841 Kernel/(7427:7444): INSERT  POSTRES  100  Flan
[INFO] 14:59:25:841 Kernel/(7427:7444): INSERT ENVIADO

[INFO] 14:59:25:842 Kernel/(7427:7444): CONECTANDO A LA MEMORIA
[INFO] 14:59:25:842 Kernel/(7427:7444): DESCRIBE ALL

[INFO] 14:59:25:842 Kernel/(7427:7444): CREATE FRUTAS SC 2 50000
[INFO] 14:59:25:842 Kernel/(7427:7444): CREATE ENVIADO

[INFO] 14:59:25:843 Kernel/(7427:7444): DESCRIBE FRUTAS 

[INFO] 14:59:25:921 Kernel/(7427:7444): CONECTANDO A LA MEMORIA
[INFO] 14:59:25:921 Kernel/(7427:7444): DESCRIBE ALL

[INFO] 14:59:25:921 Kernel/(7427:7444): INSERT  FRUTAS  222  Manzana
[INFO] 14:59:25:922 Kernel/(7427:7444): INSERT ENVIADO

[INFO] 14:59:25:925 Kernel/(7427:7445): CONECTANDO A LA MEMORIA
[INFO] 14:59:25:926 Kernel/(7427:7445): DESCRIBE ALL

[INFO] 14:59:25:928 Kernel/(7427:7445): INSERT  POSTRES  101  Chocotorta
[INFO] 14:59:25:928 Kernel/(7427:7445): INSERT ENVIADO

[INFO] 14:59:25:928 Kernel/(7427:7445): CONECTANDO A LA MEMORIA
[INFO] 14:59:25:929 Kernel/(7427:7445): DESCRIBE ALL

[INFO] 14:59:25:930 Kernel/(7427:7445): INSERT  FRUTAS  34  Banana
[INFO] 14:59:25:930 Kernel/(7427:7445): INSERT ENVIADO

[INFO] 14:59:25:930 Kernel/(7427:7445): CONECTANDO A LA MEMORIA
[INFO] 14:59:25:930 Kernel/(7427:7445): DESCRIBE ALL

[INFO] 14:59:25:931 Kernel/(7427:7445): INSERT  POSTRES  4000  Tiramisu
[INFO] 14:59:25:931 Kernel/(7427:7445): INSERT ENVIADO

[INFO] 14:59:25:933 Kernel/(7427:7445): CONECTANDO A LA MEMORIA
[INFO] 14:59:25:933 Kernel/(7427:7445): DESCRIBE ALL

[INFO] 14:59:25:934 Kernel/(7427:7445): CREATE BEBIDAS SC 6 10000
[INFO] 14:59:25:934 Kernel/(7427:7445): CREATE ENVIADO

[INFO] 14:59:25:934 Kernel/(7427:7445): DESCRIBE BEBIDAS 

[INFO] 14:59:26:17 Kernel/(7427:7446): CONECTANDO A LA MEMORIA
[INFO] 14:59:26:17 Kernel/(7427:7446): DESCRIBE ALL

[INFO] 14:59:26:19 Kernel/(7427:7446): DESCRIBE POSTRES 

[INFO] 14:59:26:97 Kernel/(7427:7446): CONECTANDO A LA MEMORIA
[INFO] 14:59:26:97 Kernel/(7427:7446): DESCRIBE ALL

[INFO] 14:59:26:98 Kernel/(7427:7446): INSERT  FRUTAS  10245  Pera
[INFO] 14:59:26:98 Kernel/(7427:7446): INSERT ENVIADO

[INFO] 14:59:26:98 Kernel/(7427:7446): CONECTANDO A LA MEMORIA
[INFO] 14:59:26:98 Kernel/(7427:7446): DESCRIBE ALL

[INFO] 14:59:26:99 Kernel/(7427:7446): SELECT  FRUTAS  34
[INFO] 14:59:26:99 Kernel/(7427:7446): SELECT ENVIADO
[INFO] 14:59:26:137 Kernel/(7427:7446): Value recibido: Banana

[INFO] 14:59:26:137 Kernel/(7427:7446): CONECTANDO A LA MEMORIA
[INFO] 14:59:26:137 Kernel/(7427:7446): DESCRIBE ALL

[INFO] 14:59:26:138 Kernel/(7427:7446): INSERT  POSTRES  101  Helado
[INFO] 14:59:26:138 Kernel/(7427:7446): INSERT ENVIADO

[INFO] 14:59:26:144 Kernel/(7427:7447): CONECTANDO A LA MEMORIA
[INFO] 14:59:26:144 Kernel/(7427:7447): DESCRIBE ALL

[INFO] 14:59:26:146 Kernel/(7427:7447): SELECT  POSTRES  101
[INFO] 14:59:26:146 Kernel/(7427:7447): SELECT ENVIADO
[INFO] 14:59:26:185 Kernel/(7427:7447): Value recibido: Chocotorta

[INFO] 14:59:26:185 Kernel/(7427:7447): CONECTANDO A LA MEMORIA
[INFO] 14:59:26:185 Kernel/(7427:7447): DESCRIBE ALL

[INFO] 14:59:26:188 Kernel/(7427:7447): INSERT  POSTRES  101  Almendrado
[INFO] 14:59:26:188 Kernel/(7427:7447): INSERT ENVIADO

[INFO] 14:59:26:188 Kernel/(7427:7447): CONECTANDO A LA MEMORIA
[INFO] 14:59:26:188 Kernel/(7427:7447): DESCRIBE ALL

[INFO] 14:59:26:189 Kernel/(7427:7447): INSERT  FRUTAS  621  Uva
[INFO] 14:59:26:189 Kernel/(7427:7447): INSERT ENVIADO

[INFO] 14:59:26:189 Kernel/(7427:7447): CONECTANDO A LA MEMORIA
[INFO] 14:59:26:189 Kernel/(7427:7447): DESCRIBE ALL

[INFO] 14:59:26:190 Kernel/(7427:7447): DESCRIBE FRUTAS 

[INFO] 14:59:26:272 Kernel/(7427:7448): CONECTANDO A LA MEMORIA
[INFO] 14:59:26:273 Kernel/(7427:7448): DESCRIBE ALL

[INFO] 14:59:26:274 Kernel/(7427:7448): INSERT  BEBIDAS  10  Pepsi
[INFO] 14:59:26:274 Kernel/(7427:7448): INSERT ENVIADO

[INFO] 14:59:26:275 Kernel/(7427:7448): CONECTANDO A LA MEMORIA
[INFO] 14:59:26:275 Kernel/(7427:7448): DESCRIBE ALL

[INFO] 14:59:26:276 Kernel/(7427:7448): INSERT  BEBIDAS  11  Coca Cola
[INFO] 14:59:26:276 Kernel/(7427:7448): INSERT ENVIADO

[INFO] 14:59:26:276 Kernel/(7427:7448): CONECTANDO A LA MEMORIA
[INFO] 14:59:26:276 Kernel/(7427:7448): DESCRIBE ALL

[INFO] 14:59:26:278 Kernel/(7427:7448): SELECT  BEBIDAS  11
[INFO] 14:59:26:278 Kernel/(7427:7448): SELECT ENVIADO
[INFO] 14:59:26:316 Kernel/(7427:7448): Value recibido: Coca Cola

[INFO] 14:59:26:317 Kernel/(7427:7448): CONECTANDO A LA MEMORIA
[INFO] 14:59:26:317 Kernel/(7427:7448): DESCRIBE ALL

[INFO] 14:59:26:318 Kernel/(7427:7448): INSERT  BEBIDAS  11  Sprite
[INFO] 14:59:26:318 Kernel/(7427:7448): INSERT ENVIADO

[INFO] 14:59:26:325 Kernel/(7427:7449): CONECTANDO A LA MEMORIA
[INFO] 14:59:26:325 Kernel/(7427:7449): DESCRIBE ALL

[INFO] 14:59:26:326 Kernel/(7427:7449): SELECT  POSTRES  101
[INFO] 14:59:26:326 Kernel/(7427:7449): SELECT ENVIADO
[INFO] 14:59:26:365 Kernel/(7427:7449): Value recibido: Chocotorta

[INFO] 14:59:26:365 Kernel/(7427:7449): CONECTANDO A LA MEMORIA
[INFO] 14:59:26:365 Kernel/(7427:7449): DESCRIBE ALL

[INFO] 14:59:26:366 Kernel/(7427:7449): INSERT  POSTRES  80  Bizcochuelo
[INFO] 14:59:26:366 Kernel/(7427:7449): INSERT ENVIADO

[INFO] 14:59:26:366 Kernel/(7427:7449): CONECTANDO A LA MEMORIA
[INFO] 14:59:26:366 Kernel/(7427:7449): DESCRIBE ALL

[INFO] 14:59:26:367 Kernel/(7427:7449): INSERT  BEBIDAS  7338  Limonada
[INFO] 14:59:26:367 Kernel/(7427:7449): INSERT ENVIADO

[INFO] 14:59:26:367 Kernel/(7427:7449): CONECTANDO A LA MEMORIA
[INFO] 14:59:26:367 Kernel/(7427:7449): DESCRIBE ALL

[INFO] 14:59:26:368 Kernel/(7427:7449): INSERT  FRUTAS  621  Melon
[INFO] 14:59:26:368 Kernel/(7427:7449): INSERT ENVIADO

[INFO] 14:59:26:372 Kernel/(7427:7450): CONECTANDO A LA MEMORIA
[INFO] 14:59:26:372 Kernel/(7427:7450): DESCRIBE ALL

[INFO] 14:59:26:373 Kernel/(7427:7450): INSERT  FRUTAS  34  Manzana
[INFO] 14:59:26:373 Kernel/(7427:7450): INSERT ENVIADO

[INFO] 14:59:26:374 Kernel/(7427:7450): CONECTANDO A LA MEMORIA
[INFO] 14:59:26:374 Kernel/(7427:7450): DESCRIBE ALL

[INFO] 14:59:26:375 Kernel/(7427:7450): SELECT  BEBIDAS  11
[INFO] 14:59:26:375 Kernel/(7427:7450): SELECT ENVIADO
[INFO] 14:59:26:413 Kernel/(7427:7450): Value recibido: Sprite

[INFO] 14:59:26:413 Kernel/(7427:7450): CONECTANDO A LA MEMORIA
[INFO] 14:59:26:413 Kernel/(7427:7450): DESCRIBE ALL

[INFO] 14:59:26:413 Kernel/(7427:7450): INSERT  POSTRES  8927  Budin de pan
[INFO] 14:59:26:413 Kernel/(7427:7450): INSERT ENVIADO

[INFO] 14:59:26:414 Kernel/(7427:7450): CONECTANDO A LA MEMORIA
[INFO] 14:59:26:414 Kernel/(7427:7450): DESCRIBE ALL

[INFO] 14:59:26:414 Kernel/(7427:7450): INSERT  FRUTAS  222  Sandia
[INFO] 14:59:26:414 Kernel/(7427:7450): INSERT ENVIADO

[INFO] 14:59:26:422 Kernel/(7427:7451): CONECTANDO A LA MEMORIA
[INFO] 14:59:26:422 Kernel/(7427:7451): DESCRIBE ALL

[INFO] 14:59:26:423 Kernel/(7427:7451): INSERT  BEBIDAS  44  Exprimido
[INFO] 14:59:26:423 Kernel/(7427:7451): INSERT ENVIADO

[INFO] 14:59:26:423 Kernel/(7427:7451): CONECTANDO A LA MEMORIA
[INFO] 14:59:26:423 Kernel/(7427:7451): DESCRIBE ALL

[INFO] 14:59:26:424 Kernel/(7427:7451): INSERT  BEBIDAS  7338  Agua con gas
[INFO] 14:59:26:424 Kernel/(7427:7451): INSERT ENVIADO

[INFO] 14:59:26:424 Kernel/(7427:7451): CONECTANDO A LA MEMORIA
[INFO] 14:59:26:424 Kernel/(7427:7451): DESCRIBE ALL

[INFO] 14:59:26:425 Kernel/(7427:7451): INSERT  FRUTAS  222  Manzana
[INFO] 14:59:26:425 Kernel/(7427:7451): INSERT ENVIADO

[INFO] 14:59:26:425 Kernel/(7427:7451): CONECTANDO A LA MEMORIA
[INFO] 14:59:26:425 Kernel/(7427:7451): DESCRIBE ALL

[INFO] 14:59:26:426 Kernel/(7427:7451): DESCRIBE BEBIDAS 

[INFO] 14:59:26:509 Kernel/(7427:7452): CONECTANDO A LA MEMORIA
[INFO] 14:59:26:509 Kernel/(7427:7452): DESCRIBE ALL

[INFO] 14:59:26:510 Kernel/(7427:7452): INSERT  FRUTAS  34  Cereza
[INFO] 14:59:26:510 Kernel/(7427:7452): INSERT ENVIADO

[INFO] 14:59:26:510 Kernel/(7427:7452): CONECTANDO A LA MEMORIA
[INFO] 14:59:26:510 Kernel/(7427:7452): DESCRIBE ALL

[INFO] 14:59:26:511 Kernel/(7427:7452): SELECT  FRUTAS  34
[INFO] 14:59:26:511 Kernel/(7427:7452): SELECT ENVIADO
[INFO] 14:59:26:549 Kernel/(7427:7452): Value recibido: Banana

[INFO] 14:59:26:549 Kernel/(7427:7452): CONECTANDO A LA MEMORIA
[INFO] 14:59:26:549 Kernel/(7427:7452): DESCRIBE ALL

[INFO] 14:59:26:550 Kernel/(7427:7452): SELECT  BEBIDAS  44
[INFO] 14:59:26:550 Kernel/(7427:7452): SELECT ENVIADO
[INFO] 14:59:26:589 Kernel/(7427:7452): Value recibido: Exprimido

[INFO] 14:59:26:589 Kernel/(7427:7452): CONECTANDO A LA MEMORIA
[INFO] 14:59:26:589 Kernel/(7427:7452): DESCRIBE ALL

[INFO] 14:59:26:590 Kernel/(7427:7452): INSERT  FRUTAS  10245  Frutilla
[INFO] 14:59:26:590 Kernel/(7427:7452): INSERT ENVIADO

[INFO] 14:59:26:595 Kernel/(7427:7453): CONECTANDO A LA MEMORIA
[INFO] 14:59:26:596 Kernel/(7427:7453): DESCRIBE ALL

[INFO] 14:59:26:597 Kernel/(7427:7453): INSERT  POSTRES  4000  Gelatina
[INFO] 14:59:26:597 Kernel/(7427:7453): INSERT ENVIADO

[INFO] 14:59:26:597 Kernel/(7427:7453): CONECTANDO A LA MEMORIA
[INFO] 14:59:26:597 Kernel/(7427:7453): DESCRIBE ALL

[INFO] 14:59:26:598 Kernel/(7427:7453): INSERT  POSTRES  100  Helado
[INFO] 14:59:26:598 Kernel/(7427:7453): INSERT ENVIADO

[INFO] 14:59:26:599 Kernel/(7427:7453): CONECTANDO A LA MEMORIA
[INFO] 14:59:26:599 Kernel/(7427:7453): DESCRIBE ALL

[INFO] 14:59:26:600 Kernel/(7427:7453): INSERT  POSTRES  101  Almendrado
[INFO] 14:59:26:600 Kernel/(7427:7453): INSERT ENVIADO

[INFO] 14:59:26:600 Kernel/(7427:7453): CONECTANDO A LA MEMORIA
[INFO] 14:59:26:600 Kernel/(7427:7453): DESCRIBE ALL

[INFO] 14:59:26:602 Kernel/(7427:7453): SELECT  BEBIDAS  11
[INFO] 14:59:26:602 Kernel/(7427:7453): SELECT ENVIADO
[INFO] 14:59:26:640 Kernel/(7427:7453): Value recibido: Sprite

[INFO] 14:59:26:645 Kernel/(7427:7454): CONECTANDO A LA MEMORIA
[INFO] 14:59:26:645 Kernel/(7427:7454): DESCRIBE ALL

[INFO] 14:59:26:646 Kernel/(7427:7454): CREATE PLATOS_PRINCIPALES SC 2 60000
[INFO] 14:59:26:646 Kernel/(7427:7454): CREATE ENVIADO

[INFO] 14:59:26:646 Kernel/(7427:7454): DESCRIBE PLATOS_PRINCIPALES 

[INFO] 14:59:26:725 Kernel/(7427:7454): CONECTANDO A LA MEMORIA
[INFO] 14:59:26:725 Kernel/(7427:7454): DESCRIBE ALL

[INFO] 14:59:26:727 Kernel/(7427:7454): INSERT  POSTRES  231  Flan
[INFO] 14:59:26:727 Kernel/(7427:7454): INSERT ENVIADO

[INFO] 14:59:26:727 Kernel/(7427:7454): CONECTANDO A LA MEMORIA
[INFO] 14:59:26:727 Kernel/(7427:7454): DESCRIBE ALL

[INFO] 14:59:26:728 Kernel/(7427:7454): INSERT  PLATOS_PRINCIPALES  271  Milanesa
[INFO] 14:59:26:728 Kernel/(7427:7454): INSERT ENVIADO

[INFO] 14:59:26:728 Kernel/(7427:7454): CONECTANDO A LA MEMORIA
[INFO] 14:59:26:728 Kernel/(7427:7454): DESCRIBE ALL

[INFO] 14:59:26:729 Kernel/(7427:7454): INSERT  PLATOS_PRINCIPALES  32  Omelette
[INFO] 14:59:26:729 Kernel/(7427:7454): INSERT ENVIADO

[INFO] 14:59:26:733 Kernel/(7427:7455): CONECTANDO A LA MEMORIA
[INFO] 14:59:26:733 Kernel/(7427:7455): DESCRIBE ALL

[INFO] 14:59:26:734 Kernel/(7427:7455): INSERT  POSTRES  80  Tiramisu
[INFO] 14:59:26:734 Kernel/(7427:7455): INSERT ENVIADO

[INFO] 14:59:26:735 Kernel/(7427:7455): CONECTANDO A LA MEMORIA
[INFO] 14:59:26:735 Kernel/(7427:7455): DESCRIBE ALL

[INFO] 14:59:26:737 Kernel/(7427:7455): SELECT  FRUTAS  222
[INFO] 14:59:26:737 Kernel/(7427:7455): SELECT ENVIADO
[INFO] 14:59:26:777 Kernel/(7427:7455): Value recibido: Manzana

[INFO] 14:59:26:777 Kernel/(7427:7455): CONECTANDO A LA MEMORIA
[INFO] 14:59:26:777 Kernel/(7427:7455): DESCRIBE ALL

[INFO] 14:59:26:778 Kernel/(7427:7455): SELECT  POSTRES  231
[INFO] 14:59:26:778 Kernel/(7427:7455): SELECT ENVIADO
[INFO] 14:59:26:817 Kernel/(7427:7455): Value recibido: Key no encontrada

[INFO] 14:59:26:817 Kernel/(7427:7455): CONECTANDO A LA MEMORIA
[INFO] 14:59:26:817 Kernel/(7427:7455): DESCRIBE ALL

[INFO] 14:59:26:817 Kernel/(7427:7455): SELECT  BEBIDAS  44
[INFO] 14:59:26:817 Kernel/(7427:7455): SELECT ENVIADO
[INFO] 14:59:26:857 Kernel/(7427:7455): Value recibido: Exprimido

[INFO] 14:59:26:860 Kernel/(7427:7456): CONECTANDO A LA MEMORIA
[INFO] 14:59:26:861 Kernel/(7427:7456): DESCRIBE ALL

[INFO] 14:59:26:862 Kernel/(7427:7456): SELECT  POSTRES  80
[INFO] 14:59:26:862 Kernel/(7427:7456): SELECT ENVIADO
[INFO] 14:59:26:901 Kernel/(7427:7456): Value recibido: Key no encontrada

[INFO] 14:59:26:901 Kernel/(7427:7456): CONECTANDO A LA MEMORIA
[INFO] 14:59:26:901 Kernel/(7427:7456): DESCRIBE ALL

[INFO] 14:59:26:902 Kernel/(7427:7456): INSERT  PLATOS_PRINCIPALES  54  Hamburguesa
[INFO] 14:59:26:902 Kernel/(7427:7456): INSERT ENVIADO

[INFO] 14:59:26:902 Kernel/(7427:7456): CONECTANDO A LA MEMORIA
[INFO] 14:59:26:902 Kernel/(7427:7456): DESCRIBE ALL

[INFO] 14:59:26:903 Kernel/(7427:7456): SELECT  PLATOS_PRINCIPALES  271
[INFO] 14:59:26:903 Kernel/(7427:7456): SELECT ENVIADO
[INFO] 14:59:26:941 Kernel/(7427:7456): Value recibido: Milanesa

[INFO] 14:59:26:941 Kernel/(7427:7456): CONECTANDO A LA MEMORIA
[INFO] 14:59:26:941 Kernel/(7427:7456): DESCRIBE ALL

[INFO] 14:59:26:941 Kernel/(7427:7456): INSERT  PLATOS_PRINCIPALES  271  Pizza
[INFO] 14:59:26:941 Kernel/(7427:7456): INSERT ENVIADO

[INFO] 14:59:26:949 Kernel/(7427:7457): CONECTANDO A LA MEMORIA
[INFO] 14:59:26:949 Kernel/(7427:7457): DESCRIBE ALL

[INFO] 14:59:26:950 Kernel/(7427:7457): INSERT  BEBIDAS  10  Fanta
[INFO] 14:59:26:950 Kernel/(7427:7457): INSERT ENVIADO

[INFO] 14:59:26:950 Kernel/(7427:7457): CONECTANDO A LA MEMORIA
[INFO] 14:59:26:950 Kernel/(7427:7457): DESCRIBE ALL

[INFO] 14:59:26:953 Kernel/(7427:7457): INSERT  PLATOS_PRINCIPALES  32  Empanadas
[INFO] 14:59:26:953 Kernel/(7427:7457): INSERT ENVIADO

[INFO] 14:59:26:953 Kernel/(7427:7457): CONECTANDO A LA MEMORIA
[INFO] 14:59:26:953 Kernel/(7427:7457): DESCRIBE ALL

[INFO] 14:59:26:954 Kernel/(7427:7457): INSERT  POSTRES  8927  Helado
[INFO] 14:59:26:954 Kernel/(7427:7457): INSERT ENVIADO

[INFO] 14:59:26:954 Kernel/(7427:7457): CONECTANDO A LA MEMORIA
[INFO] 14:59:26:954 Kernel/(7427:7457): DESCRIBE ALL

[INFO] 14:59:26:955 Kernel/(7427:7457): INSERT  POSTRES  100  Chocotorta
[INFO] 14:59:26:955 Kernel/(7427:7457): INSERT ENVIADO

[INFO] 14:59:26:961 Kernel/(7427:7458): CONECTANDO A LA MEMORIA
[INFO] 14:59:26:961 Kernel/(7427:7458): DESCRIBE ALL

[INFO] 14:59:26:962 Kernel/(7427:7458): INSERT  BEBIDAS  11  Mate
[INFO] 14:59:26:962 Kernel/(7427:7458): INSERT ENVIADO

[INFO] 14:59:26:962 Kernel/(7427:7458): CONECTANDO A LA MEMORIA
[INFO] 14:59:26:962 Kernel/(7427:7458): DESCRIBE ALL

[INFO] 14:59:26:963 Kernel/(7427:7458): SELECT  FRUTAS  10245
[INFO] 14:59:26:963 Kernel/(7427:7458): SELECT ENVIADO
[INFO] 14:59:26:1 Kernel/(7427:7458): Value recibido: Key no encontrada

[INFO] 14:59:26:1 Kernel/(7427:7458): CONECTANDO A LA MEMORIA
[INFO] 14:59:26:1 Kernel/(7427:7458): DESCRIBE ALL

[INFO] 14:59:26:2 Kernel/(7427:7458): SELECT  FRUTAS  22
[INFO] 14:59:26:2 Kernel/(7427:7458): SELECT ENVIADO
[INFO] 14:59:27:41 Kernel/(7427:7458): Value recibido: Key no encontrada

[INFO] 14:59:27:41 Kernel/(7427:7458): CONECTANDO A LA MEMORIA
[INFO] 14:59:27:41 Kernel/(7427:7458): DESCRIBE ALL

[INFO] 14:59:27:42 Kernel/(7427:7458): INSERT  POSTRES  100  Helado
[INFO] 14:59:27:42 Kernel/(7427:7458): INSERT ENVIADO

[INFO] 14:59:27:48 Kernel/(7427:7459): CONECTANDO A LA MEMORIA
[INFO] 14:59:27:48 Kernel/(7427:7459): DESCRIBE ALL

[INFO] 14:59:27:50 Kernel/(7427:7459): SELECT  POSTRES  100
[INFO] 14:59:27:50 Kernel/(7427:7459): SELECT ENVIADO
[INFO] 14:59:27:88 Kernel/(7427:7459): Value recibido: Flan

[INFO] 14:59:27:89 Kernel/(7427:7459): CONECTANDO A LA MEMORIA
[INFO] 14:59:27:89 Kernel/(7427:7459): DESCRIBE ALL

[INFO] 14:59:27:92 Kernel/(7427:7459): INSERT  POSTRES  101  Muffin
[INFO] 14:59:27:92 Kernel/(7427:7459): INSERT ENVIADO

[INFO] 14:59:27:92 Kernel/(7427:7459): CONECTANDO A LA MEMORIA
[INFO] 14:59:27:92 Kernel/(7427:7459): DESCRIBE ALL

[INFO] 14:59:27:93 Kernel/(7427:7459): SELECT  PLATOS_PRINCIPALES  54
[INFO] 14:59:27:93 Kernel/(7427:7459): SELECT ENVIADO
[INFO] 14:59:27:132 Kernel/(7427:7459): Value recibido: Key no encontrada

[INFO] 14:59:27:132 Kernel/(7427:7459): CONECTANDO A LA MEMORIA
[INFO] 14:59:27:133 Kernel/(7427:7459): DESCRIBE ALL

[INFO] 14:59:27:134 Kernel/(7427:7459): SELECT  BEBIDAS  10245
[INFO] 14:59:27:134 Kernel/(7427:7459): SELECT ENVIADO
[INFO] 14:59:27:172 Kernel/(7427:7459): Value recibido: Key no encontrada

[INFO] 14:59:27:176 Kernel/(7427:7460): CONECTANDO A LA MEMORIA
[INFO] 14:59:27:177 Kernel/(7427:7460): DESCRIBE ALL

[INFO] 14:59:27:180 Kernel/(7427:7460): SELECT  POSTRES  101
[INFO] 14:59:27:180 Kernel/(7427:7460): SELECT ENVIADO
[INFO] 14:59:27:221 Kernel/(7427:7460): Value recibido: Chocotorta

[INFO] 14:59:27:221 Kernel/(7427:7460): CONECTANDO A LA MEMORIA
[INFO] 14:59:27:221 Kernel/(7427:7460): DESCRIBE ALL

[INFO] 14:59:27:222 Kernel/(7427:7460): SELECT  BEBIDAS  10
[INFO] 14:59:27:222 Kernel/(7427:7460): SELECT ENVIADO
[INFO] 14:59:27:260 Kernel/(7427:7460): Value recibido: Pepsi

[INFO] 14:59:27:261 Kernel/(7427:7460): CONECTANDO A LA MEMORIA
[INFO] 14:59:27:261 Kernel/(7427:7460): DESCRIBE ALL

[INFO] 14:59:27:262 Kernel/(7427:7460): SELECT  POSTRES  8927
[INFO] 14:59:27:262 Kernel/(7427:7460): SELECT ENVIADO
[INFO] 14:59:27:301 Kernel/(7427:7460): Value recibido: Key no encontrada

[INFO] 14:59:27:301 Kernel/(7427:7460): CONECTANDO A LA MEMORIA
[INFO] 14:59:27:301 Kernel/(7427:7460): DESCRIBE ALL

[INFO] 14:59:27:302 Kernel/(7427:7460): SELECT  PLATOS_PRINCIPALES  271
[INFO] 14:59:27:302 Kernel/(7427:7460): SELECT ENVIADO
[INFO] 14:59:27:341 Kernel/(7427:7460): Value recibido: Milanesa

