[INFO] 02:11:15:31 LFS/(15508:16170): DESCRIBE DE TODAS LAS TABLAS
[INFO] 02:11:34:236 LFS/(15508:15513): NUEVA REQUEST: DROP marcas

[INFO] 02:11:34:237 LFS/(15508:15513): SE BORRO MARCAS

[INFO] 02:11:35:988 LFS/(15508:15513): NUEVA REQUEST: DROP colors

[INFO] 02:11:35:989 LFS/(15508:15513): SE BORRO COLORS

[INFO] 02:11:38:590 LFS/(16173:16173): FIN CONEXION
[INFO] 02:11:38:591 LFS/(16173:16176): ESPERANDO MEMORIAS
[INFO] 02:11:38:591 LFS/(16173:16176): INICIO CONEXION
[INFO] 02:11:43:56 LFS/(16173:16202): HANDSHAKE con memoria realizado.
[INFO] 02:14:10:959 LFS/(16173:16317): HANDSHAKE con memoria realizado.
[INFO] 02:14:20:237 LFS/(16173:16322): HANDSHAKE con memoria realizado.
[INFO] 02:14:26:703 LFS/(16173:16327): DESCRIBE DE TODAS LAS TABLAS
[INFO] 02:14:42:838 LFS/(16173:16335): NUEVA REQUEST: CREATE COLORS SC 4 600000 

[INFO] 02:14:43:837 LFS/(16173:16337): DESCRIBE DE COLORS
[INFO] 02:15:01:476 LFS/(16173:16343): NUEVA REQUEST: CREATE MARCAS EC 4 600000 

[INFO] 02:15:02:478 LFS/(16173:16345): DESCRIBE DE MARCAS
[WARNING] 02:15:02:537 LFS/(16173:16346): ERROR AL BUSCAR KEY 1 EN MARCAS NO EXISTE REGISTRO
[INFO] 02:16:27:648 LFS/(16173:16357): NUEVA REQUEST: CREATE CELULARES SHC 4 600000 

[INFO] 02:16:28:646 LFS/(16173:16359): DESCRIBE DE CELULARES
[INFO] 03:08:55:312 LFS/(9571:9571): FIN CONEXION
[INFO] 03:08:55:312 LFS/(9571:9575): ESPERANDO MEMORIAS
[INFO] 03:08:55:312 LFS/(9571:9575): INICIO CONEXION
[INFO] 03:09:07:115 LFS/(9571:9581): HANDSHAKE con memoria realizado.
[INFO] 03:09:12:197 LFS/(9571:9585): DESCRIBE DE TODAS LAS TABLAS
[INFO] 03:09:23:521 LFS/(9589:9589): FIN CONEXION
[INFO] 03:09:23:521 LFS/(9589:9593): ESPERANDO MEMORIAS
[INFO] 03:09:23:521 LFS/(9589:9593): INICIO CONEXION
[INFO] 03:09:31:799 LFS/(9589:9602): HANDSHAKE con memoria realizado.
[INFO] 03:09:54:931 LFS/(9589:9610): HANDSHAKE con memoria realizado.
[INFO] 03:10:02:382 LFS/(9616:9616): FIN CONEXION
[INFO] 03:10:02:382 LFS/(9616:9620): ESPERANDO MEMORIAS
[INFO] 03:10:02:382 LFS/(9616:9620): INICIO CONEXION
[INFO] 03:10:46:493 LFS/(9710:9710): FIN CONEXION
[INFO] 03:10:46:493 LFS/(9710:9714): ESPERANDO MEMORIAS
[INFO] 03:10:46:493 LFS/(9710:9714): INICIO CONEXION
[INFO] 03:11:18:547 LFS/(9850:9850): FIN CONEXION
[INFO] 03:11:18:547 LFS/(9850:9854): ESPERANDO MEMORIAS
[INFO] 03:11:18:547 LFS/(9850:9854): INICIO CONEXION
[INFO] 03:11:28:426 LFS/(9850:9863): HANDSHAKE con memoria realizado.
[INFO] 03:11:33:830 LFS/(9850:9867): DESCRIBE DE TODAS LAS TABLAS
[INFO] 03:13:17:359 LFS/(9954:9954): FIN CONEXION
[INFO] 03:13:17:360 LFS/(9954:9958): ESPERANDO MEMORIAS
[INFO] 03:13:17:360 LFS/(9954:9958): INICIO CONEXION
[INFO] 03:13:20:105 LFS/(9954:9960): HANDSHAKE con memoria realizado.
[INFO] 03:13:25:90 LFS/(9954:9964): DESCRIBE DE TODAS LAS TABLAS
[INFO] 03:16:26:383 LFS/(9954:10022): HANDSHAKE con memoria realizado.
[INFO] 03:16:29:757 LFS/(9954:10026): DESCRIBE DE TODAS LAS TABLAS
[INFO] 03:16:41:557 LFS/(9954:10042): HANDSHAKE con memoria realizado.
[INFO] 03:17:26:685 LFS/(10055:10055): FIN CONEXION
[INFO] 03:17:26:685 LFS/(10055:10059): ESPERANDO MEMORIAS
[INFO] 03:17:26:685 LFS/(10055:10059): INICIO CONEXION
[INFO] 03:17:43:187 LFS/(10128:10128): FIN CONEXION
[INFO] 03:17:43:188 LFS/(10128:10132): ESPERANDO MEMORIAS
[INFO] 03:17:43:188 LFS/(10128:10132): INICIO CONEXION
[INFO] 03:17:47:299 LFS/(10128:10134): HANDSHAKE con memoria realizado.
[INFO] 03:17:50:102 LFS/(10128:10138): DESCRIBE DE TODAS LAS TABLAS
[INFO] 03:18:37:870 LFS/(10211:10211): FIN CONEXION
[INFO] 03:18:37:870 LFS/(10211:10215): ESPERANDO MEMORIAS
[INFO] 03:18:37:870 LFS/(10211:10215): INICIO CONEXION
[INFO] 03:19:19:994 LFS/(10507:10507): FIN CONEXION
[INFO] 03:19:19:994 LFS/(10507:10511): ESPERANDO MEMORIAS
[INFO] 03:19:19:994 LFS/(10507:10511): INICIO CONEXION
[INFO] 03:19:24:103 LFS/(10507:10513): HANDSHAKE con memoria realizado.
[INFO] 03:19:27:452 LFS/(10507:10517): DESCRIBE DE TODAS LAS TABLAS
[INFO] 03:23:41:585 LFS/(10646:10646): FIN CONEXION
[INFO] 03:23:41:591 LFS/(10646:10650): ESPERANDO MEMORIAS
[INFO] 03:23:41:591 LFS/(10646:10650): INICIO CONEXION
[INFO] 03:24:15:182 LFS/(10646:10691): HANDSHAKE con memoria realizado.
[INFO] 03:24:19:805 LFS/(10646:10695): DESCRIBE DE TODAS LAS TABLAS
[INFO] 03:30:41:575 LFS/(10872:10872): FIN CONEXION
[INFO] 03:30:41:575 LFS/(10872:10876): ESPERANDO MEMORIAS
[INFO] 03:30:41:575 LFS/(10872:10876): INICIO CONEXION
[INFO] 03:30:49:385 LFS/(10872:10878): HANDSHAKE con memoria realizado.
[INFO] 03:31:01:975 LFS/(10872:10883): DESCRIBE DE TODAS LAS TABLAS
[INFO] 04:21:10:913 LFS/(12125:12125): FIN CONEXION
[INFO] 04:21:10:913 LFS/(12125:12129): ESPERANDO MEMORIAS
[INFO] 04:21:10:914 LFS/(12125:12129): INICIO CONEXION
[INFO] 04:25:35:702 LFS/(12125:12207): HANDSHAKE con memoria realizado.
[INFO] 04:25:52:824 LFS/(12125:12223): HANDSHAKE con memoria realizado.
[INFO] 04:28:17:497 LFS/(12283:12283): FIN CONEXION
[INFO] 04:28:17:500 LFS/(12283:12287): ESPERANDO MEMORIAS
[INFO] 04:28:17:500 LFS/(12283:12287): INICIO CONEXION
[INFO] 04:28:20:380 LFS/(12283:12289): HANDSHAKE con memoria realizado.
[INFO] 04:29:34:905 LFS/(12283:12332): HANDSHAKE con memoria realizado.
[INFO] 04:29:46:343 LFS/(12283:12341): HANDSHAKE con memoria realizado.
[INFO] 04:29:52:498 LFS/(12283:12347): HANDSHAKE con memoria realizado.
[INFO] 04:32:08:152 LFS/(12283:12398): HANDSHAKE con memoria realizado.
[INFO] 04:33:00:642 LFS/(12283:12423): HANDSHAKE con memoria realizado.
[INFO] 04:33:45:543 LFS/(12283:12455): HANDSHAKE con memoria realizado.
[INFO] 04:35:40:115 LFS/(12283:12505): HANDSHAKE con memoria realizado.
[INFO] 04:35:47:180 LFS/(12283:12521): HANDSHAKE con memoria realizado.
[INFO] 04:35:55:838 LFS/(12283:12532): HANDSHAKE con memoria realizado.
[INFO] 04:36:51:622 LFS/(12283:12563): HANDSHAKE con memoria realizado.
[INFO] 04:37:58:572 LFS/(12283:12584): HANDSHAKE con memoria realizado.
[INFO] 04:38:26:443 LFS/(12283:12601): HANDSHAKE con memoria realizado.
[INFO] 04:38:42:230 LFS/(12283:12617): HANDSHAKE con memoria realizado.
[INFO] 04:39:39:582 LFS/(12283:12650): HANDSHAKE con memoria realizado.
[INFO] 04:39:45:145 LFS/(12283:12656): HANDSHAKE con memoria realizado.
[INFO] 04:40:59:42 LFS/(12283:12701): HANDSHAKE con memoria realizado.
[INFO] 04:43:45:151 LFS/(12283:12783): HANDSHAKE con memoria realizado.
[INFO] 04:44:19:250 LFS/(12283:12806): HANDSHAKE con memoria realizado.
[INFO] 04:45:43:921 LFS/(12283:12856): HANDSHAKE con memoria realizado.
[INFO] 04:45:54:390 LFS/(12283:12864): HANDSHAKE con memoria realizado.
[INFO] 04:53:22:363 LFS/(13029:13029): FIN CONEXION
[INFO] 04:53:22:363 LFS/(13029:13033): ESPERANDO MEMORIAS
[INFO] 04:53:22:363 LFS/(13029:13033): INICIO CONEXION
[INFO] 04:53:26:144 LFS/(13029:13036): HANDSHAKE con memoria realizado.
[INFO] 04:53:32:436 LFS/(13029:13042): HANDSHAKE con memoria realizado.
[INFO] 04:57:42:434 LFS/(13029:13130): HANDSHAKE con memoria realizado.
[INFO] 04:57:48:575 LFS/(13029:13137): HANDSHAKE con memoria realizado.
[INFO] 05:09:38:637 LFS/(13426:13426): FIN CONEXION
[INFO] 05:09:38:637 LFS/(13426:13430): ESPERANDO MEMORIAS
[INFO] 05:09:38:637 LFS/(13426:13430): INICIO CONEXION
[INFO] 05:09:41:28 LFS/(13426:13432): HANDSHAKE con memoria realizado.
[INFO] 05:09:49:404 LFS/(13426:13439): HANDSHAKE con memoria realizado.
[INFO] 05:10:34:579 LFS/(13426:13460): HANDSHAKE con memoria realizado.
[INFO] 05:10:40:247 LFS/(13426:13465): HANDSHAKE con memoria realizado.
[INFO] 05:11:30:801 LFS/(13426:13495): HANDSHAKE con memoria realizado.
[INFO] 05:11:38:150 LFS/(13426:13500): HANDSHAKE con memoria realizado.
[INFO] 05:12:09:402 LFS/(13426:13508): HANDSHAKE con memoria realizado.
[INFO] 05:12:19:471 LFS/(13426:13518): HANDSHAKE con memoria realizado.
[INFO] 05:12:37:6 LFS/(13426:13524): HANDSHAKE con memoria realizado.
[INFO] 05:12:45:990 LFS/(13529:13529): FIN CONEXION
[INFO] 05:12:45:990 LFS/(13529:13533): ESPERANDO MEMORIAS
[INFO] 05:12:45:991 LFS/(13529:13533): INICIO CONEXION
[INFO] 05:14:11:64 LFS/(13529:13546): HANDSHAKE con memoria realizado.
[INFO] 05:14:16:356 LFS/(13529:13552): HANDSHAKE con memoria realizado.
[INFO] 05:14:42:953 LFS/(13529:13563): HANDSHAKE con memoria realizado.
[INFO] 05:14:44:808 LFS/(13529:13568): HANDSHAKE con memoria realizado.
[INFO] 05:16:13:890 LFS/(13529:13608): HANDSHAKE con memoria realizado.
[INFO] 05:16:19:428 LFS/(13529:13614): HANDSHAKE con memoria realizado.
[INFO] 05:21:08:63 LFS/(13529:13698): HANDSHAKE con memoria realizado.
[INFO] 05:21:12:772 LFS/(13529:13704): HANDSHAKE con memoria realizado.
[INFO] 05:22:40:755 LFS/(13529:13743): HANDSHAKE con memoria realizado.
[INFO] 05:22:46:81 LFS/(13529:13749): HANDSHAKE con memoria realizado.
[INFO] 05:23:44:297 LFS/(13529:13799): HANDSHAKE con memoria realizado.
[INFO] 05:24:55:197 LFS/(13529:13837): HANDSHAKE con memoria realizado.
[INFO] 05:24:56:850 LFS/(13529:13842): HANDSHAKE con memoria realizado.
[INFO] 05:26:23:307 LFS/(13529:13895): HANDSHAKE con memoria realizado.
[INFO] 05:26:28:368 LFS/(13529:13900): HANDSHAKE con memoria realizado.
[INFO] 05:26:55:715 LFS/(13529:14012): HANDSHAKE con memoria realizado.
[INFO] 05:27:03:360 LFS/(13529:14033): DESCRIBE DE TODAS LAS TABLAS
[INFO] 05:27:47:12 LFS/(13529:14063): HANDSHAKE con memoria realizado.
[INFO] 05:27:53:577 LFS/(13529:14070): DESCRIBE DE TODAS LAS TABLAS
[INFO] 05:28:07:609 LFS/(13529:14073): DESCRIBE DE TODAS LAS TABLAS
[INFO] 05:28:19:212 LFS/(14080:14080): FIN CONEXION
[INFO] 05:28:19:213 LFS/(14080:14084): ESPERANDO MEMORIAS
[INFO] 05:28:19:213 LFS/(14080:14084): INICIO CONEXION
[INFO] 05:28:21:742 LFS/(14080:14086): HANDSHAKE con memoria realizado.
[INFO] 05:28:31:772 LFS/(14080:14096): DESCRIBE DE TODAS LAS TABLAS
[INFO] 05:28:49:68 LFS/(14100:14100): FIN CONEXION
[INFO] 05:28:49:68 LFS/(14100:14104): ESPERANDO MEMORIAS
[INFO] 05:28:49:69 LFS/(14100:14104): INICIO CONEXION
[INFO] 05:28:51:120 LFS/(14100:14106): HANDSHAKE con memoria realizado.
[INFO] 05:28:54:750 LFS/(14100:14111): DESCRIBE DE TODAS LAS TABLAS
[INFO] 05:29:26:544 LFS/(14100:14131): HANDSHAKE con memoria realizado.
[INFO] 05:29:33:740 LFS/(14100:14150): DESCRIBE DE TODAS LAS TABLAS
[INFO] 05:32:11:57 LFS/(14100:14230): HANDSHAKE con memoria realizado.
[INFO] 05:32:15:331 LFS/(14100:14235): DESCRIBE DE TODAS LAS TABLAS
[INFO] 05:33:02:845 LFS/(14100:14278): HANDSHAKE con memoria realizado.
[INFO] 05:33:07:600 LFS/(14100:14283): DESCRIBE DE TODAS LAS TABLAS
[INFO] 05:42:27:405 LFS/(14100:14544): HANDSHAKE con memoria realizado.
[INFO] 05:42:36:279 LFS/(14100:14549): HANDSHAKE con memoria realizado.
[INFO] 05:54:31:208 LFS/(14908:14908): FIN CONEXION
[INFO] 05:54:31:209 LFS/(14908:14912): ESPERANDO MEMORIAS
[INFO] 05:54:31:209 LFS/(14908:14912): INICIO CONEXION
[INFO] 05:54:36:305 LFS/(14908:14915): HANDSHAKE con memoria realizado.
[INFO] 05:54:45:472 LFS/(14908:14920): HANDSHAKE con memoria realizado.
[INFO] 05:58:26:956 LFS/(14908:15011): HANDSHAKE con memoria realizado.
[INFO] 05:58:29:593 LFS/(14908:15016): HANDSHAKE con memoria realizado.
[INFO] 05:59:39:63 LFS/(14908:15053): HANDSHAKE con memoria realizado.
[INFO] 05:59:42:249 LFS/(14908:15058): HANDSHAKE con memoria realizado.
[INFO] 06:00:06:196 LFS/(14908:15081): HANDSHAKE con memoria realizado.
[INFO] 06:00:08:343 LFS/(14908:15086): HANDSHAKE con memoria realizado.
[INFO] 06:01:14:15 LFS/(14908:15119): HANDSHAKE con memoria realizado.
[INFO] 06:01:15:946 LFS/(14908:15124): HANDSHAKE con memoria realizado.
[INFO] 06:04:39:844 LFS/(14908:15202): HANDSHAKE con memoria realizado.
[INFO] 06:04:41:344 LFS/(14908:15207): HANDSHAKE con memoria realizado.
[INFO] 06:05:18:839 LFS/(14908:15231): HANDSHAKE con memoria realizado.
[INFO] 06:05:22:826 LFS/(14908:15236): HANDSHAKE con memoria realizado.
[INFO] 06:06:51:518 LFS/(14908:15267): HANDSHAKE con memoria realizado.
[INFO] 06:06:59:591 LFS/(14908:15281): HANDSHAKE con memoria realizado.
[INFO] 06:07:01:663 LFS/(14908:15286): HANDSHAKE con memoria realizado.
[INFO] 06:09:10:160 LFS/(14908:15334): HANDSHAKE con memoria realizado.
[INFO] 06:09:12:404 LFS/(14908:15339): HANDSHAKE con memoria realizado.
[INFO] 17:00:36:359 LFS/(4268:4268): FIN CONEXION
[INFO] 17:00:36:359 LFS/(4268:4272): ESPERANDO MEMORIAS
[INFO] 17:00:36:362 LFS/(4268:4272): INICIO CONEXION
[INFO] 17:00:42:302 LFS/(4268:4274): HANDSHAKE con memoria realizado.
[INFO] 17:00:44:204 LFS/(4268:4279): HANDSHAKE con memoria realizado.
[INFO] 17:05:18:519 LFS/(4268:4427): HANDSHAKE con memoria realizado.
[INFO] 17:05:21:809 LFS/(4268:4432): HANDSHAKE con memoria realizado.
[INFO] 17:13:05:991 LFS/(4627:4627): FIN CONEXION
[INFO] 17:13:05:992 LFS/(4627:4631): ESPERANDO MEMORIAS
[INFO] 17:13:05:992 LFS/(4627:4631): INICIO CONEXION
[INFO] 17:13:10:511 LFS/(4627:4633): HANDSHAKE con memoria realizado.
[INFO] 17:13:14:625 LFS/(4627:4639): HANDSHAKE con memoria realizado.
[INFO] 17:15:20:443 LFS/(4627:4721): HANDSHAKE con memoria realizado.
[INFO] 17:15:31:478 LFS/(4627:4727): HANDSHAKE con memoria realizado.
[INFO] 17:16:45:624 LFS/(4627:4746): HANDSHAKE con memoria realizado.
[INFO] 17:17:04:906 LFS/(4627:4767): HANDSHAKE con memoria realizado.
[INFO] 17:19:14:957 LFS/(4627:4898): HANDSHAKE con memoria realizado.
[INFO] 17:19:34:755 LFS/(4627:4909): HANDSHAKE con memoria realizado.
[INFO] 17:20:16:133 LFS/(4627:4928): HANDSHAKE con memoria realizado.
[INFO] 17:21:19:143 LFS/(4627:4953): HANDSHAKE con memoria realizado.
[INFO] 17:21:25:309 LFS/(4627:4959): HANDSHAKE con memoria realizado.
[INFO] 17:31:50:343 LFS/(4627:5638): HANDSHAKE con memoria realizado.
[INFO] 17:31:54:25 LFS/(4627:5646): HANDSHAKE con memoria realizado.
[INFO] 17:32:09:684 LFS/(4627:5652): DESCRIBE DE TODAS LAS TABLAS
[INFO] 17:32:26:689 LFS/(4627:5657): NUEVA REQUEST: CREATE POSTRES SC 3 60000 

[INFO] 17:32:27:683 LFS/(4627:5659): DESCRIBE DE POSTRES
[INFO] 17:32:27:688 LFS/(4627:5660): NUEVA REQUEST: CREATE FRUTAS SC 2 50000 

[INFO] 17:32:28:692 LFS/(4627:5662): DESCRIBE DE FRUTAS
[INFO] 17:32:28:712 LFS/(4627:5664): NUEVA REQUEST: CREATE BEBIDAS SC 6 10000 

[INFO] 17:32:29:707 LFS/(4627:5666): DESCRIBE DE BEBIDAS
[INFO] 17:32:29:715 LFS/(4627:5668): DESCRIBE DE POSTRES
[INFO] 17:32:29:736 LFS/(4627:5670): DESCRIBE DE FRUTAS
[INFO] 17:32:29:798 LFS/(4627:5675): DESCRIBE DE BEBIDAS
[INFO] 17:32:29:852 LFS/(4627:5679): NUEVA REQUEST: CREATE PLATOS_PRINCIPALES SC 2 60000 

[INFO] 17:32:30:847 LFS/(4627:5681): DESCRIBE DE PLATOS_PRINCIPALES
[WARNING] 17:32:30:908 LFS/(4627:5686): ERROR AL BUSCAR KEY 22 EN FRUTAS NO EXISTE REGISTRO
[WARNING] 17:32:30:950 LFS/(4627:5688): ERROR AL BUSCAR KEY 10245 EN BEBIDAS NO EXISTE REGISTRO
[INFO] 22:58:24:802 LFS/(3924:3924): FIN CONEXION
[INFO] 22:58:24:802 LFS/(3924:3932): ESPERANDO MEMORIAS
[INFO] 22:58:24:804 LFS/(3924:3932): INICIO CONEXION
[INFO] 22:58:26:883 LFS/(3924:3934): HANDSHAKE con memoria realizado.
[INFO] 22:58:29:152 LFS/(3924:3940): HANDSHAKE con memoria realizado.
[INFO] 23:10:58:12 LFS/(3924:4373): HANDSHAKE con memoria realizado.
[INFO] 23:11:25:958 LFS/(3924:4395): HANDSHAKE con memoria realizado.
[INFO] 23:12:11:790 LFS/(3924:4413): HANDSHAKE con memoria realizado.
[INFO] 23:12:41:263 LFS/(3924:4496): HANDSHAKE con memoria realizado.
[INFO] 23:13:29:603 LFS/(3924:4526): HANDSHAKE con memoria realizado.
[INFO] 23:13:38:778 LFS/(3924:4533): HANDSHAKE con memoria realizado.
[INFO] 23:14:06:700 LFS/(3924:4552): HANDSHAKE con memoria realizado.
[INFO] 23:14:45:788 LFS/(3924:4677): DESCRIBE DE TODAS LAS TABLAS
[INFO] 23:15:07:910 LFS/(3924:4696): NUEVA REQUEST: CREATE COLORS SC 4 600000 

[INFO] 23:15:08:905 LFS/(3924:4698): DESCRIBE DE COLORS
[INFO] 00:12:12:251 LFS/(5367:5367): FIN CONEXION
[INFO] 00:12:12:252 LFS/(5367:5376): ESPERANDO MEMORIAS
[INFO] 00:12:12:253 LFS/(5367:5376): INICIO CONEXION
[INFO] 00:12:28:353 LFS/(5367:5379): HANDSHAKE con memoria realizado.
[INFO] 00:12:33:278 LFS/(5367:5388): DESCRIBE DE TODAS LAS TABLAS
[INFO] 00:15:33:275 LFS/(5367:5530): HANDSHAKE con memoria realizado.
[INFO] 00:15:39:296 LFS/(5367:5549): DESCRIBE DE TODAS LAS TABLAS
[INFO] 00:17:34:9 LFS/(5367:5620): HANDSHAKE con memoria realizado.
[INFO] 00:17:37:434 LFS/(5367:5626): DESCRIBE DE TODAS LAS TABLAS
[INFO] 00:18:56:713 LFS/(5367:5652): HANDSHAKE con memoria realizado.
[INFO] 00:22:00:427 LFS/(5782:5782): FIN CONEXION
[INFO] 00:22:00:428 LFS/(5782:5791): ESPERANDO MEMORIAS
[INFO] 00:22:00:429 LFS/(5782:5791): INICIO CONEXION
[INFO] 00:22:02:762 LFS/(5782:5793): HANDSHAKE con memoria realizado.
[INFO] 00:22:07:476 LFS/(5782:5801): HANDSHAKE con memoria realizado.
[INFO] 00:22:22:221 LFS/(5782:5866): DESCRIBE DE TODAS LAS TABLAS
[INFO] 00:22:47:626 LFS/(5782:5876): HANDSHAKE con memoria realizado.
[INFO] 00:30:17:59 LFS/(5782:6173): HANDSHAKE con memoria realizado.
[INFO] 00:30:18:518 LFS/(5782:6178): DESCRIBE DE TODAS LAS TABLAS
[INFO] 00:31:00:4 LFS/(5782:6204): HANDSHAKE con memoria realizado.
