[INFO] 20:07:10:112 MemoryPool/(6067:6068): NUEVO PAQUETE SELECT CREADO
Nombre tabla: TABLA1
Valor KEY   : 1
[INFO] 20:07:10:120 MemoryPool/(6067:6068): PAQUETE SELECT ENVIADO
[INFO] 20:07:10:121 MemoryPool/(6067:6068): NUEVO PAQUETE SELECT CREADO
Nombre tabla: TABLA2
Valor KEY   : 2
[INFO] 20:07:10:121 MemoryPool/(6067:6068): PAQUETE SELECT ENVIADO
[INFO] 20:07:32:512 MemoryPool/(6067:6069): NUEVO PAQUETE INSERT CREADO
Nombre tabla: TABLA3
Valor KEY   : 3
Value       : 33
[INFO] 20:07:32:512 MemoryPool/(6067:6069): PAQUETE INSERT ENVIADO
[INFO] 20:11:22:473 MemoryPool/(6195:6196): NUEVO PAQUETE SELECT CREADO
Nombre tabla: TABLA1
Valor KEY   : 1
[INFO] 20:11:22:473 MemoryPool/(6195:6196): PAQUETE SELECT ENVIADO
[INFO] 20:11:22:473 MemoryPool/(6195:6196): NUEVO PAQUETE SELECT CREADO
Nombre tabla: TABLA2
Valor KEY   : 2
[INFO] 20:11:22:473 MemoryPool/(6195:6196): PAQUETE SELECT ENVIADO
[INFO] 20:11:22:473 MemoryPool/(6195:6196): NUEVO PAQUETE INSERT CREADO
Nombre tabla: TABLA3
Valor KEY   : 3
Value       : 33
[INFO] 20:11:22:474 MemoryPool/(6195:6196): PAQUETE INSERT ENVIADO
[INFO] 20:11:22:474 MemoryPool/(6195:6196): NUEVO PAQUETE INSERT CREADO
Nombre tabla: TABLA3
Valor KEY   : 4
Value       : 44
[INFO] 20:11:22:476 MemoryPool/(6195:6196): PAQUETE INSERT ENVIADO
